<?xml version="1.0" encoding="UTF-8"?>
<testsuite xmlns:xsi="http://www.w3.org/2001/XMLSchema-instance" xsi:noNamespaceSchemaLocation="https://maven.apache.org/surefire/maven-surefire-plugin/xsd/surefire-test-report-3.0.xsd" version="3.0" name="bytevector.ByteVectorTest" time="0.097" tests="22" errors="0" skipped="0" failures="0">
  <properties>
[...]
</properties>
  <testcase name="testPutByteArrayWithLargeLength" classname="bytevector.ByteVectorTest" time="0.034"/>
  <testcase name="testEnlarge" classname="bytevector.ByteVectorTest" time="0.001"/>
  <testcase name="testPutShort" classname="bytevector.ByteVectorTest" time="0.001"/>
  <testcase name="testPutLongWithMaxValue" classname="bytevector.ByteVectorTest" time="0.001"/>
  <testcase name="testPutNegativeByte" classname="bytevector.ByteVectorTest" time="0.001"/>
  <testcase name="testPut12" classname="bytevector.ByteVectorTest" time="0.001"/>
  <testcase name="testPutIntWithMinValue" classname="bytevector.ByteVectorTest" time="0.001"/>
  <testcase name="testPutByteWithMaxValue" classname="bytevector.ByteVectorTest" time="0.002"/>
  <testcase name="testPutShortWithMinValue" classname="bytevector.ByteVectorTest" time="0.001"/>
  <testcase name="testPutUTF8WithSpecialCharacters" classname="bytevector.ByteVectorTest" time="0.001"/>
  <testcase name="testPutByte" classname="bytevector.ByteVectorTest" time="0.001"/>
  <testcase name="testPutLong" classname="bytevector.ByteVectorTest" time="0"/>
  <testcase name="testPutUTF8WithNullString" classname="bytevector.ByteVectorTest" time="0.001"/>
  <testcase name="testPutIntWithMaxValue" classname="bytevector.ByteVectorTest" time="0"/>
  <testcase name="testPutShortWithMaxValue" classname="bytevector.ByteVectorTest" time="0.001"/>
  <testcase name="testPutLongWithMinValue" classname="bytevector.ByteVectorTest" time="0.001"/>
  <testcase name="testPutEmptyByteArray" classname="bytevector.ByteVectorTest" time="0.001"/>
  <testcase name="testPutUTF8WithManySpecialCharacters" classname="bytevector.ByteVectorTest" time="0.001"/>
  <testcase name="testPutByteArray" classname="bytevector.ByteVectorTest" time="0"/>
  <testcase name="testPutByteWithMinValue" classname="bytevector.ByteVectorTest" time="0.001"/>
  <testcase name="testPutInt" classname="bytevector.ByteVectorTest" time="0.001"/>
  <testcase name="testPutEmptyUTF8" classname="bytevector.ByteVectorTest" time="0.001"/>
</testsuite>